<?xml version="1.0" encoding="UTF-8"?>
<!-- Generated by org.testng.reporters.JUnitReportReporter -->
<testsuite hostname="DESKTOP-T9GRIS5" failures="0" tests="3" name="airportTDD.flightBookingTDD.TopSectionTest" time="118.974" errors="0" timestamp="2023-05-23T17:19:42 IST" skipped="0">
  <testcase classname="airportTDD.flightBookingTDD.TopSectionTest" name="searchWithoneWay" time="35.603"/>
  <system-out/>
  <testcase classname="airportTDD.flightBookingTDD.TopSectionTest" name="searchWithMulticity" time="42.216"/>
  <system-out/>
  <testcase classname="airportTDD.flightBookingTDD.TopSectionTest" name="searchWithroundTrip" time="41.155"/>
  <system-out/>
</testsuite> <!-- airportTDD.flightBookingTDD.TopSectionTest -->
