<?xml version="1.0" encoding="UTF-8"?>
<!-- Generated by org.testng.reporters.JUnitReportReporter -->
<testsuite hostname="DESKTOP-T9GRIS5" failures="0" tests="1" name="airportTDD.flightBookingTDD.ErrorMessageTest" time="46.309" errors="0" timestamp="2023-06-09T18:09:11 IST" skipped="0">
  <testcase classname="airportTDD.flightBookingTDD.ErrorMessageTest" name="User_selects_more_than_9_Passanger" time="46.309"/>
  <system-out/>
</testsuite> <!-- airportTDD.flightBookingTDD.ErrorMessageTest -->
