<?xml version="1.0" encoding="UTF-8"?>
<!-- Generated by org.testng.reporters.JUnitReportReporter -->
<testsuite hostname="DESKTOP-T9GRIS5" failures="0" tests="3" name="airportTDD.flightBookingTDD.SearchFlightTest" time="212.335" errors="0" timestamp="2023-05-21T16:47:12 IST" skipped="0">
  <testcase classname="airportTDD.flightBookingTDD.SearchFlightTest" name="User_clicks_on_multicity_option" time="61.988"/>
  <system-out/>
  <testcase classname="airportTDD.flightBookingTDD.SearchFlightTest" name="User_clicks_on_multicity_option" time="71.196"/>
  <system-out/>
  <testcase classname="airportTDD.flightBookingTDD.SearchFlightTest" name="User_clicks_on_roundtrip_option" time="79.151"/>
  <system-out/>
</testsuite> <!-- airportTDD.flightBookingTDD.SearchFlightTest -->
