<?xml version="1.0" encoding="UTF-8"?>
<!-- Generated by org.testng.reporters.JUnitReportReporter -->
<testsuite hostname="DESKTOP-T9GRIS5" failures="0" tests="1" name="airportTDD.flightBookingTDD.HolidayPackageTest" time="53.511" errors="0" timestamp="2023-05-23T20:17:17 IST" skipped="0">
  <testcase classname="airportTDD.flightBookingTDD.HolidayPackageTest" name="bookHolidayPackage" time="53.511"/>
  <system-out/>
</testsuite> <!-- airportTDD.flightBookingTDD.HolidayPackageTest -->
