<?xml version="1.0" encoding="UTF-8"?>
<!-- Generated by org.testng.reporters.JUnitReportReporter -->
<testsuite hostname="DESKTOP-T9GRIS5" failures="0" tests="1" name="airportTDD.flightBookingTDD.tests.ErrorMessageTest" time="49.421" errors="0" timestamp="2023-06-09T18:14:52 IST" skipped="0">
  <testcase classname="airportTDD.flightBookingTDD.tests.ErrorMessageTest" name="User_selects_more_than_9_Passanger" time="49.421"/>
  <system-out/>
</testsuite> <!-- airportTDD.flightBookingTDD.tests.ErrorMessageTest -->
