<?xml version="1.0" encoding="UTF-8"?>
<!-- Generated by org.testng.reporters.JUnitReportReporter -->
<testsuite hostname="DESKTOP-T9GRIS5" failures="0" tests="1" name="airportTDD.flightBookingTDD.BottomSectionTest" time="92.217" errors="0" timestamp="2023-05-20T16:02:26 IST" skipped="0">
  <testcase classname="airportTDD.flightBookingTDD.BottomSectionTest" name="User_selects_more_than_9_Passanger" time="92.217"/>
  <system-out/>
</testsuite> <!-- airportTDD.flightBookingTDD.BottomSectionTest -->
