<?xml version="1.0" encoding="UTF-8"?>
<!-- Generated by org.testng.reporters.JUnitReportReporter -->
<testsuite hostname="DESKTOP-T9GRIS5" failures="0" tests="3" name="airportTDD.flightBookingTDD.SearchFlightTest" time="109.391" errors="0" timestamp="2023-05-13T16:24:16 IST" skipped="0">
  <testcase classname="airportTDD.flightBookingTDD.SearchFlightTest" name="User_clicks_on_multicity_option" time="44.581"/>
  <system-out/>
  <testcase classname="airportTDD.flightBookingTDD.SearchFlightTest" name="User_clicks_on_roundtrip_option" time="40.368"/>
  <system-out/>
  <testcase classname="airportTDD.flightBookingTDD.SearchFlightTest" name="User_clicks_on_multicity_option" time="24.442"/>
  <system-out/>
</testsuite> <!-- airportTDD.flightBookingTDD.SearchFlightTest -->
