<?xml version="1.0" encoding="UTF-8"?>
<!-- Generated by org.testng.reporters.JUnitReportReporter -->
<testsuite hostname="DESKTOP-T9GRIS5" failures="0" tests="3" name="airportTDD.flightBookingTDD.tests.SearchFlightTest1" time="99.970" errors="0" timestamp="2025-02-14T15:07:53 IST" skipped="0">
  <testcase classname="airportTDD.flightBookingTDD.tests.SearchFlightTest1" name="searchWithMulticity" time="37.084"/>
  <system-out/>
  <testcase classname="airportTDD.flightBookingTDD.tests.SearchFlightTest1" name="searchWithroundTrip" time="35.113"/>
  <system-out/>
  <testcase classname="airportTDD.flightBookingTDD.tests.SearchFlightTest1" name="searchWithoneWay" time="27.773"/>
  <system-out/>
</testsuite> <!-- airportTDD.flightBookingTDD.tests.SearchFlightTest1 -->
