<?xml version="1.0" encoding="UTF-8"?>
<!-- Generated by org.testng.reporters.JUnitReportReporter -->
<testsuite hostname="DESKTOP-T9GRIS5" failures="0" tests="1" name="airportTDD.flightBookingTDD.ErrorMessageTest" time="49.140" errors="0" timestamp="2023-05-13T16:24:16 IST" skipped="0">
  <testcase classname="airportTDD.flightBookingTDD.ErrorMessageTest" name="User_selects_more_than_9_Passanger" time="49.140"/>
  <system-out/>
</testsuite> <!-- airportTDD.flightBookingTDD.ErrorMessageTest -->
