<?xml version="1.0" encoding="UTF-8"?>
<!-- Generated by org.testng.reporters.JUnitReportReporter -->
<testsuite hostname="DESKTOP-T9GRIS5" failures="0" tests="1" name="airportTDD.flightBookingTDD.tests.TopSectionTest" time="10.173" errors="0" timestamp="2025-02-14T15:07:53 IST" skipped="0">
  <testcase classname="airportTDD.flightBookingTDD.tests.TopSectionTest" name="searchWithMulticity" time="10.173"/>
  <system-out/>
</testsuite> <!-- airportTDD.flightBookingTDD.tests.TopSectionTest -->
